<?xml version="1.0" encoding="UTF-8"?>
<!-- Generated by org.testng.reporters.JUnitReportReporter -->
<testsuite hostname="DESKTOP-RIAT3TB" failures="0" tests="1" name="runners.Testrunner" time="9.518" errors="0" timestamp="2025-02-03T15:38:12 IST" skipped="0">
  <testcase classname="runners.Testrunner" name="runScenario" time="9.518"/>
  <system-out/>
</testsuite> <!-- runners.Testrunner -->
